{"level":"debug","message":"Initializing...","module":"base","timestamp":"2022-11-04T05:21:23.996Z"}
{"level":"debug","message":"Initialized Boot controller","module":"base","timestamp":"2022-11-04T05:21:24.001Z"}
{"level":"debug","message":"Initialized User controller","module":"base","timestamp":"2022-11-04T05:21:24.002Z"}
{"level":"debug","message":"Initialized Cash controller","module":"base","timestamp":"2022-11-04T05:21:24.002Z"}
{"level":"debug","message":"Initialized Invoice controller","module":"base","timestamp":"2022-11-04T05:21:24.002Z"}
{"level":"debug","message":"Initialized Account controller","module":"base","timestamp":"2022-11-04T05:21:24.003Z"}
{"level":"debug","message":"Initialized Transaction controller","module":"base","timestamp":"2022-11-04T05:21:24.003Z"}
{"level":"debug","message":"Initialized Broadcast controller","module":"base","timestamp":"2022-11-04T05:21:24.003Z"}
{"level":"debug","message":"Loading language from config: en","module":"i18n","timestamp":"2022-11-04T05:21:24.004Z"}
{"level":"debug","message":"Checking database connection ..","module":"boot","timestamp":"2022-11-04T05:21:34.595Z"}
{"level":"debug","message":"Loading player for pefcl.","module":"user","timestamp":"2022-11-04T05:21:57.160Z"}
{"level":"debug","message":{"identifier":"license:66a62abfa5d6fadfcee89eb939227f6339e43aec","name":"minipunch","source":1},"module":"user","timestamp":"2022-11-04T05:21:57.161Z"}
{"level":"debug","message":"Player loaded. Emitting: pefcl:userLoaded","module":"user","timestamp":"2022-11-04T05:21:57.163Z"}
{"level":"debug","message":"Creating initial cash row for source: 1","module":"cash","timestamp":"2022-11-04T05:21:57.177Z"}
{"level":"silly","message":"Checking if default account exists for source: 1","module":"accounts","timestamp":"2022-11-04T05:21:57.179Z"}
{"level":"silly","message":"Identifier: license:66a62abfa5d6fadfcee89eb939227f6339e43aec","module":"accounts","timestamp":"2022-11-04T05:21:57.179Z"}
{"level":"debug","message":"Connected to database.","module":"boot","timestamp":"2022-11-04T05:22:25.592Z"}
{"level":"info","message":"Starting pefcl.","module":"boot","timestamp":"2022-11-04T05:22:25.593Z"}
{"level":"debug","message":"Loading player for pefcl.","module":"user","timestamp":"2022-11-04T05:22:25.593Z"}
{"level":"debug","message":{"identifier":"license:66a62abfa5d6fadfcee89eb939227f6339e43aec","name":"minipunch","source":1},"module":"user","timestamp":"2022-11-04T05:22:25.593Z"}
{"level":"debug","message":"Player loaded. Emitting: pefcl:userLoaded","module":"user","timestamp":"2022-11-04T05:22:25.594Z"}
{"level":"debug","message":"Creating initial cash row for source: 1","module":"cash","timestamp":"2022-11-04T05:22:25.594Z"}
{"level":"silly","message":"Checking if default account exists for source: 1","module":"accounts","timestamp":"2022-11-04T05:22:25.595Z"}
{"level":"silly","message":"Identifier: license:66a62abfa5d6fadfcee89eb939227f6339e43aec","module":"accounts","timestamp":"2022-11-04T05:22:25.595Z"}
{"level":"debug","message":"Creating initial account .. ","module":"accounts","timestamp":"2022-11-04T05:22:25.602Z"}
{"level":"debug","message":"Creating initial account .. ","module":"accounts","timestamp":"2022-11-04T05:22:25.616Z"}
{"level":"silly","message":"Broadcasting new balance for default account ..","module":"broadcastService","timestamp":"2022-11-04T05:22:25.992Z"}
{"level":"silly","message":"Broadcasted new balance for default account!","module":"broadcastService","timestamp":"2022-11-04T05:22:25.992Z"}
{"level":"silly","message":{"balance":2500,"identifier":"license:66a62abfa5d6fadfcee89eb939227f6339e43aec","source":1},"module":"broadcastService","timestamp":"2022-11-04T05:22:25.992Z"}
{"level":"silly","message":"Broadcasting new balance for account ..","module":"broadcastService","timestamp":"2022-11-04T05:22:25.992Z"}
{"level":"silly","message":"Broadcasted new balance for personal account:","module":"broadcastService","timestamp":"2022-11-04T05:22:25.993Z"}
{"level":"silly","message":{"balance":2500,"identifier":"license:66a62abfa5d6fadfcee89eb939227f6339e43aec","source":1},"module":"broadcastService","timestamp":"2022-11-04T05:22:25.993Z"}
{"level":"debug","message":"Successfully created initial account.","module":"accounts","timestamp":"2022-11-04T05:22:25.993Z"}
{"level":"silly","message":"Broadcasting new balance for default account ..","module":"broadcastService","timestamp":"2022-11-04T05:22:25.994Z"}
{"level":"silly","message":"Broadcasted new balance for default account!","module":"broadcastService","timestamp":"2022-11-04T05:22:25.994Z"}
{"level":"silly","message":{"balance":2500,"identifier":"license:66a62abfa5d6fadfcee89eb939227f6339e43aec","source":1},"module":"broadcastService","timestamp":"2022-11-04T05:22:25.995Z"}
{"level":"silly","message":"Broadcasting new balance for account ..","module":"broadcastService","timestamp":"2022-11-04T05:22:25.995Z"}
{"level":"silly","message":"Broadcasted new balance for personal account:","module":"broadcastService","timestamp":"2022-11-04T05:22:25.995Z"}
{"level":"silly","message":{"balance":2500,"identifier":"license:66a62abfa5d6fadfcee89eb939227f6339e43aec","source":1},"module":"broadcastService","timestamp":"2022-11-04T05:22:25.995Z"}
{"level":"debug","message":"Successfully created initial account.","module":"accounts","timestamp":"2022-11-04T05:22:25.995Z"}
{"level":"silly","message":"Broadcasting new cash amount ..","module":"broadcastService","timestamp":"2022-11-04T05:22:25.996Z"}
{"level":"silly","message":"Broadcasted new cash amount!","module":"broadcastService","timestamp":"2022-11-04T05:22:25.996Z"}
{"level":"silly","message":{"amount":2000,"identifier":"license:66a62abfa5d6fadfcee89eb939227f6339e43aec","source":1},"module":"broadcastService","timestamp":"2022-11-04T05:22:25.996Z"}
{"level":"silly","message":"netPromise > pefcl:getMyCash > RequestObj","module":"events","timestamp":"2022-11-04T05:22:45.599Z"}
{"level":"silly","message":{"data":{},"source":1},"module":"events","timestamp":"2022-11-04T05:22:45.599Z"}
{"level":"silly","message":"netPromise > pefcl:getMyCash > RequestObj","module":"events","timestamp":"2022-11-04T05:22:45.600Z"}
{"level":"silly","message":{"data":{},"source":1},"module":"events","timestamp":"2022-11-04T05:22:45.600Z"}
{"level":"silly","message":"Response Promise Event pefcl:getMyCash:4c78aa3f-78f5-4731-aead-6e14b63b0c7a (7.1925ms), Data >>","module":"events","timestamp":"2022-11-04T05:22:45.606Z"}
{"level":"silly","message":{"data":2000,"status":"ok"},"module":"events","timestamp":"2022-11-04T05:22:45.606Z"}
{"level":"silly","message":"Response Promise Event pefcl:getMyCash:9316da7a-d136-4fa9-9c07-da5b46401fb4 (6.3163ms), Data >>","module":"events","timestamp":"2022-11-04T05:22:45.607Z"}
{"level":"silly","message":{"data":2000,"status":"ok"},"module":"events","timestamp":"2022-11-04T05:22:45.607Z"}
{"level":"silly","message":"netPromise > pefcl:getAccounts > RequestObj","module":"events","timestamp":"2022-11-04T05:22:45.955Z"}
{"level":"silly","message":{"data":null,"source":1},"module":"events","timestamp":"2022-11-04T05:22:45.956Z"}
{"level":"debug","message":"Retrieving accounts","module":"accounts","timestamp":"2022-11-04T05:22:45.956Z"}
{"level":"silly","message":"Response Promise Event pefcl:getAccounts:378ba3bc-fe6b-47e5-85c9-30304fe5a6b0 (37.8994ms), Data >>","module":"events","timestamp":"2022-11-04T05:22:45.994Z"}
{"level":"silly","message":{"data":[{"accountName":"Personal account","balance":2500,"createdAt":"11/3/2022, 10:22:25 PM","deletedAt":null,"id":1,"isDefault":true,"number":"920,4116-0645-1622","ownerIdentifier":"license:66a62abfa5d6fadfcee89eb939227f6339e43aec","role":"owner","type":"personal","updatedAt":"2022-11-04T05:22:25.000Z"},{"accountName":"Personal account","balance":2500,"createdAt":"11/3/2022, 10:22:25 PM","deletedAt":null,"id":2,"isDefault":true,"number":"920,8304-0425-3666","ownerIdentifier":"license:66a62abfa5d6fadfcee89eb939227f6339e43aec","role":"owner","type":"personal","updatedAt":"2022-11-04T05:22:25.000Z"}],"status":"ok"},"module":"events","timestamp":"2022-11-04T05:22:45.994Z"}
{"level":"silly","message":"netPromise > pefcl:getInvoices > RequestObj","module":"events","timestamp":"2022-11-04T05:24:18.331Z"}
{"level":"silly","message":{"data":{"invoices":[],"limit":10,"offset":0,"total":0,"totalUnpaid":0},"source":1},"module":"events","timestamp":"2022-11-04T05:24:18.332Z"}
{"level":"silly","message":"Fetching user invoices ..","module":"invoice-service","timestamp":"2022-11-04T05:24:18.332Z"}
{"level":"silly","message":"Response Promise Event pefcl:getInvoices:9de7495a-5d30-4d42-a1cf-106942020369 (16.7661ms), Data >>","module":"events","timestamp":"2022-11-04T05:24:18.348Z"}
{"level":"silly","message":{"data":{"invoices":[],"limit":10,"offset":0,"total":0,"totalUnpaid":0},"status":"ok"},"module":"events","timestamp":"2022-11-04T05:24:18.349Z"}
{"level":"silly","message":"netPromise > pefcl:getAccounts > RequestObj","module":"events","timestamp":"2022-11-04T05:24:18.381Z"}
{"level":"silly","message":{"data":null,"source":1},"module":"events","timestamp":"2022-11-04T05:24:18.382Z"}
{"level":"debug","message":"Retrieving accounts","module":"accounts","timestamp":"2022-11-04T05:24:18.382Z"}
{"level":"silly","message":"Response Promise Event pefcl:getAccounts:c4d58c73-dfde-4f6d-abde-7d38626994ae (11.5884ms), Data >>","module":"events","timestamp":"2022-11-04T05:24:18.393Z"}
{"level":"silly","message":{"data":[{"accountName":"Personal account","balance":2500,"createdAt":"11/3/2022, 10:22:25 PM","deletedAt":null,"id":1,"isDefault":true,"number":"920,4116-0645-1622","ownerIdentifier":"license:66a62abfa5d6fadfcee89eb939227f6339e43aec","role":"owner","type":"personal","updatedAt":"2022-11-04T05:22:25.000Z"},{"accountName":"Personal account","balance":2500,"createdAt":"11/3/2022, 10:22:25 PM","deletedAt":null,"id":2,"isDefault":true,"number":"920,8304-0425-3666","ownerIdentifier":"license:66a62abfa5d6fadfcee89eb939227f6339e43aec","role":"owner","type":"personal","updatedAt":"2022-11-04T05:22:25.000Z"}],"status":"ok"},"module":"events","timestamp":"2022-11-04T05:24:18.393Z"}
{"level":"silly","message":"netPromise > pefcl:getAccounts > RequestObj","module":"events","timestamp":"2022-11-04T05:24:18.433Z"}
{"level":"silly","message":{"data":null,"source":1},"module":"events","timestamp":"2022-11-04T05:24:18.433Z"}
{"level":"debug","message":"Retrieving accounts","module":"accounts","timestamp":"2022-11-04T05:24:18.434Z"}
{"level":"silly","message":"netPromise > pefcl:getTransactions > RequestObj","module":"events","timestamp":"2022-11-04T05:24:18.435Z"}
{"level":"silly","message":{"data":{"limit":5,"offset":0},"source":1},"module":"events","timestamp":"2022-11-04T05:24:18.436Z"}
{"level":"silly","message":"Getting transactions","module":"transactionService","timestamp":"2022-11-04T05:24:18.436Z"}
{"level":"silly","message":{"data":{"limit":5,"offset":0},"source":1},"module":"transactionService","timestamp":"2022-11-04T05:24:18.436Z"}
{"level":"silly","message":"netPromise > pefcl:getTransactions > RequestObj","module":"events","timestamp":"2022-11-04T05:24:18.438Z"}
{"level":"silly","message":{"data":{"limit":5,"offset":0},"source":1},"module":"events","timestamp":"2022-11-04T05:24:18.438Z"}
{"level":"silly","message":"Getting transactions","module":"transactionService","timestamp":"2022-11-04T05:24:18.438Z"}
{"level":"silly","message":{"data":{"limit":5,"offset":0},"source":1},"module":"transactionService","timestamp":"2022-11-04T05:24:18.439Z"}
{"level":"silly","message":"Response Promise Event pefcl:getAccounts:50d73084-b371-42ae-973e-0901afa29921 (28.703ms), Data >>","module":"events","timestamp":"2022-11-04T05:24:18.462Z"}
{"level":"silly","message":{"data":[{"accountName":"Personal account","balance":2500,"createdAt":"11/3/2022, 10:22:25 PM","deletedAt":null,"id":1,"isDefault":true,"number":"920,4116-0645-1622","ownerIdentifier":"license:66a62abfa5d6fadfcee89eb939227f6339e43aec","role":"owner","type":"personal","updatedAt":"2022-11-04T05:22:25.000Z"},{"accountName":"Personal account","balance":2500,"createdAt":"11/3/2022, 10:22:25 PM","deletedAt":null,"id":2,"isDefault":true,"number":"920,8304-0425-3666","ownerIdentifier":"license:66a62abfa5d6fadfcee89eb939227f6339e43aec","role":"owner","type":"personal","updatedAt":"2022-11-04T05:22:25.000Z"}],"status":"ok"},"module":"events","timestamp":"2022-11-04T05:24:18.462Z"}
{"level":"silly","message":"netPromise > pefcl:getAccounts > RequestObj","module":"events","timestamp":"2022-11-04T05:24:33.975Z"}
{"level":"silly","message":{"data":null,"source":1},"module":"events","timestamp":"2022-11-04T05:24:33.975Z"}
{"level":"debug","message":"Retrieving accounts","module":"accounts","timestamp":"2022-11-04T05:24:33.976Z"}
{"level":"silly","message":"netPromise > pefcl:getTransactions > RequestObj","module":"events","timestamp":"2022-11-04T05:24:33.977Z"}
{"level":"silly","message":{"data":{"limit":5,"offset":0},"source":1},"module":"events","timestamp":"2022-11-04T05:24:33.977Z"}
{"level":"silly","message":"Getting transactions","module":"transactionService","timestamp":"2022-11-04T05:24:33.977Z"}
{"level":"silly","message":{"data":{"limit":5,"offset":0},"source":1},"module":"transactionService","timestamp":"2022-11-04T05:24:33.977Z"}
{"level":"silly","message":"netPromise > pefcl:getTransactions > RequestObj","module":"events","timestamp":"2022-11-04T05:24:33.978Z"}
{"level":"silly","message":{"data":{"limit":5,"offset":0},"source":1},"module":"events","timestamp":"2022-11-04T05:24:33.978Z"}
{"level":"silly","message":"Getting transactions","module":"transactionService","timestamp":"2022-11-04T05:24:33.978Z"}
{"level":"silly","message":{"data":{"limit":5,"offset":0},"source":1},"module":"transactionService","timestamp":"2022-11-04T05:24:33.978Z"}
{"level":"silly","message":"Response Promise Event pefcl:getAccounts:99fb002a-c301-4ca0-a3de-07fccbe0ccae (18.465ms), Data >>","module":"events","timestamp":"2022-11-04T05:24:33.994Z"}
{"level":"silly","message":{"data":[{"accountName":"Personal account","balance":2500,"createdAt":"11/3/2022, 10:22:25 PM","deletedAt":null,"id":1,"isDefault":true,"number":"920,4116-0645-1622","ownerIdentifier":"license:66a62abfa5d6fadfcee89eb939227f6339e43aec","role":"owner","type":"personal","updatedAt":"2022-11-04T05:22:25.000Z"},{"accountName":"Personal account","balance":2500,"createdAt":"11/3/2022, 10:22:25 PM","deletedAt":null,"id":2,"isDefault":true,"number":"920,8304-0425-3666","ownerIdentifier":"license:66a62abfa5d6fadfcee89eb939227f6339e43aec","role":"owner","type":"personal","updatedAt":"2022-11-04T05:22:25.000Z"}],"status":"ok"},"module":"events","timestamp":"2022-11-04T05:24:33.994Z"}
{"level":"silly","message":"netPromise > pefcl:getExternalAccount > RequestObj","module":"events","timestamp":"2022-11-04T05:24:37.661Z"}
{"level":"silly","message":{"data":null,"source":1},"module":"events","timestamp":"2022-11-04T05:24:37.662Z"}
{"level":"silly","message":"Response Promise Event pefcl:getExternalAccount:0253d2f2-6e0a-4bf7-88a7-46448674496c (5.9661ms), Data >>","module":"events","timestamp":"2022-11-04T05:24:37.667Z"}
{"level":"silly","message":{"data":[],"status":"ok"},"module":"events","timestamp":"2022-11-04T05:24:37.668Z"}
{"level":"silly","message":"netPromise > pefcl:getTransactions > RequestObj","module":"events","timestamp":"2022-11-04T05:24:37.711Z"}
{"level":"silly","message":{"data":{"limit":10,"offset":0,"total":0,"transactions":[]},"source":1},"module":"events","timestamp":"2022-11-04T05:24:37.712Z"}
{"level":"silly","message":"Getting transactions","module":"transactionService","timestamp":"2022-11-04T05:24:37.712Z"}
{"level":"silly","message":{"data":{"limit":10,"offset":0,"total":0,"transactions":[]},"source":1},"module":"transactionService","timestamp":"2022-11-04T05:24:37.712Z"}
{"level":"silly","message":"Returned total of 0 transactions.","module":"transactionService","timestamp":"2022-11-04T05:24:46.804Z"}
{"level":"silly","message":"Response Promise Event pefcl:getTransactions:4ea3f980-9ae1-43d4-b7a4-de8a95648292 (12826.8378ms), Data >>","module":"events","timestamp":"2022-11-04T05:24:46.805Z"}
{"level":"silly","message":{"data":{"limit":5,"offset":0,"total":0,"transactions":[]},"status":"ok"},"module":"events","timestamp":"2022-11-04T05:24:46.805Z"}
{"level":"silly","message":"Returned total of 0 transactions.","module":"transactionService","timestamp":"2022-11-04T05:24:46.805Z"}
{"level":"silly","message":"Response Promise Event pefcl:getTransactions:c34fba9d-4714-4ec5-b6eb-500ac1255baf (28367.6062ms), Data >>","module":"events","timestamp":"2022-11-04T05:24:46.806Z"}
{"level":"silly","message":{"data":{"limit":5,"offset":0,"total":0,"transactions":[]},"status":"ok"},"module":"events","timestamp":"2022-11-04T05:24:46.806Z"}
{"level":"silly","message":"Returned total of 0 transactions.","module":"transactionService","timestamp":"2022-11-04T05:24:46.806Z"}
{"level":"silly","message":"Response Promise Event pefcl:getTransactions:85da0157-98c9-46b9-91dd-013469b79a29 (28371.1824ms), Data >>","module":"events","timestamp":"2022-11-04T05:24:46.806Z"}
{"level":"silly","message":{"data":{"limit":5,"offset":0,"total":0,"transactions":[]},"status":"ok"},"module":"events","timestamp":"2022-11-04T05:24:46.807Z"}
{"level":"silly","message":"Returned total of 0 transactions.","module":"transactionService","timestamp":"2022-11-04T05:24:46.807Z"}
{"level":"silly","message":"Response Promise Event pefcl:getTransactions:20134770-8f13-45a5-a825-47e786010ea9 (9095.9066ms), Data >>","module":"events","timestamp":"2022-11-04T05:24:46.807Z"}
{"level":"silly","message":{"data":{"limit":10,"offset":0,"total":0,"transactions":[]},"status":"ok"},"module":"events","timestamp":"2022-11-04T05:24:46.807Z"}
{"level":"silly","message":"Returned total of 0 transactions.","module":"transactionService","timestamp":"2022-11-04T05:24:46.808Z"}
{"level":"silly","message":"Response Promise Event pefcl:getTransactions:bb711353-6333-4750-aadb-7577b8a88e9a (12831.6189ms), Data >>","module":"events","timestamp":"2022-11-04T05:24:46.808Z"}
{"level":"silly","message":{"data":{"limit":5,"offset":0,"total":0,"transactions":[]},"status":"ok"},"module":"events","timestamp":"2022-11-04T05:24:46.809Z"}
{"level":"silly","message":"netPromise > pefcl:getAccounts > RequestObj","module":"events","timestamp":"2022-11-04T05:24:57.536Z"}
{"level":"silly","message":{"data":null,"source":1},"module":"events","timestamp":"2022-11-04T05:24:57.536Z"}
{"level":"debug","message":"Retrieving accounts","module":"accounts","timestamp":"2022-11-04T05:24:57.536Z"}
{"level":"silly","message":"netPromise > pefcl:getTransactions > RequestObj","module":"events","timestamp":"2022-11-04T05:24:57.537Z"}
{"level":"silly","message":{"data":{"limit":5,"offset":0},"source":1},"module":"events","timestamp":"2022-11-04T05:24:57.538Z"}
{"level":"silly","message":"Getting transactions","module":"transactionService","timestamp":"2022-11-04T05:24:57.538Z"}
{"level":"silly","message":{"data":{"limit":5,"offset":0},"source":1},"module":"transactionService","timestamp":"2022-11-04T05:24:57.538Z"}
{"level":"silly","message":"Response Promise Event pefcl:getAccounts:fb53a397-d48e-475b-9f2b-b93517de9a13 (12.4801ms), Data >>","module":"events","timestamp":"2022-11-04T05:24:57.549Z"}
{"level":"silly","message":{"data":[{"accountName":"Personal account","balance":2500,"createdAt":"11/3/2022, 10:22:25 PM","deletedAt":null,"id":1,"isDefault":true,"number":"920,4116-0645-1622","ownerIdentifier":"license:66a62abfa5d6fadfcee89eb939227f6339e43aec","role":"owner","type":"personal","updatedAt":"2022-11-04T05:22:25.000Z"},{"accountName":"Personal account","balance":2500,"createdAt":"11/3/2022, 10:22:25 PM","deletedAt":null,"id":2,"isDefault":true,"number":"920,8304-0425-3666","ownerIdentifier":"license:66a62abfa5d6fadfcee89eb939227f6339e43aec","role":"owner","type":"personal","updatedAt":"2022-11-04T05:22:25.000Z"}],"status":"ok"},"module":"events","timestamp":"2022-11-04T05:24:57.549Z"}
{"level":"silly","message":"Returned total of 0 transactions.","module":"transactionService","timestamp":"2022-11-04T05:24:57.553Z"}
{"level":"silly","message":"Response Promise Event pefcl:getTransactions:e3a4a15b-ea17-4e7c-91e4-726bb10abeff (16.1037ms), Data >>","module":"events","timestamp":"2022-11-04T05:24:57.554Z"}
{"level":"silly","message":{"data":{"limit":5,"offset":0,"total":0,"transactions":[]},"status":"ok"},"module":"events","timestamp":"2022-11-04T05:24:57.554Z"}
{"level":"silly","message":"netPromise > pefcl:getTransactions > RequestObj","module":"events","timestamp":"2022-11-04T05:24:57.586Z"}
{"level":"silly","message":{"data":{"limit":5,"offset":0},"source":1},"module":"events","timestamp":"2022-11-04T05:24:57.586Z"}
{"level":"silly","message":"Getting transactions","module":"transactionService","timestamp":"2022-11-04T05:24:57.587Z"}
{"level":"silly","message":{"data":{"limit":5,"offset":0},"source":1},"module":"transactionService","timestamp":"2022-11-04T05:24:57.587Z"}
{"level":"silly","message":"Returned total of 0 transactions.","module":"transactionService","timestamp":"2022-11-04T05:24:57.597Z"}
{"level":"silly","message":"Response Promise Event pefcl:getTransactions:3ed86d0b-f0bc-46b3-8d61-91e7c2f39ae5 (11.5249ms), Data >>","module":"events","timestamp":"2022-11-04T05:24:57.598Z"}
{"level":"silly","message":{"data":{"limit":5,"offset":0,"total":0,"transactions":[]},"status":"ok"},"module":"events","timestamp":"2022-11-04T05:24:57.598Z"}
{"level":"silly","message":"netPromise > pefcl:getAccounts > RequestObj","module":"events","timestamp":"2022-11-04T05:24:58.829Z"}
{"level":"silly","message":{"data":null,"source":1},"module":"events","timestamp":"2022-11-04T05:24:58.830Z"}
{"level":"debug","message":"Retrieving accounts","module":"accounts","timestamp":"2022-11-04T05:24:58.830Z"}
{"level":"silly","message":"netPromise > pefcl:getTransactions > RequestObj","module":"events","timestamp":"2022-11-04T05:24:58.831Z"}
{"level":"silly","message":{"data":{"limit":5,"offset":0},"source":1},"module":"events","timestamp":"2022-11-04T05:24:58.831Z"}
{"level":"silly","message":"Getting transactions","module":"transactionService","timestamp":"2022-11-04T05:24:58.831Z"}
{"level":"silly","message":{"data":{"limit":5,"offset":0},"source":1},"module":"transactionService","timestamp":"2022-11-04T05:24:58.831Z"}
{"level":"silly","message":"netPromise > pefcl:getTransactions > RequestObj","module":"events","timestamp":"2022-11-04T05:24:58.832Z"}
{"level":"silly","message":{"data":{"limit":5,"offset":0},"source":1},"module":"events","timestamp":"2022-11-04T05:24:58.832Z"}
{"level":"silly","message":"Getting transactions","module":"transactionService","timestamp":"2022-11-04T05:24:58.832Z"}
{"level":"silly","message":{"data":{"limit":5,"offset":0},"source":1},"module":"transactionService","timestamp":"2022-11-04T05:24:58.832Z"}
{"level":"silly","message":"Response Promise Event pefcl:getAccounts:4feb5699-1308-4840-a746-4930a274044f (16.7687ms), Data >>","module":"events","timestamp":"2022-11-04T05:24:58.846Z"}
{"level":"silly","message":{"data":[{"accountName":"Personal account","balance":2500,"createdAt":"11/3/2022, 10:22:25 PM","deletedAt":null,"id":1,"isDefault":true,"number":"920,4116-0645-1622","ownerIdentifier":"license:66a62abfa5d6fadfcee89eb939227f6339e43aec","role":"owner","type":"personal","updatedAt":"2022-11-04T05:22:25.000Z"},{"accountName":"Personal account","balance":2500,"createdAt":"11/3/2022, 10:22:25 PM","deletedAt":null,"id":2,"isDefault":true,"number":"920,8304-0425-3666","ownerIdentifier":"license:66a62abfa5d6fadfcee89eb939227f6339e43aec","role":"owner","type":"personal","updatedAt":"2022-11-04T05:22:25.000Z"}],"status":"ok"},"module":"events","timestamp":"2022-11-04T05:24:58.847Z"}
{"level":"silly","message":"Returned total of 0 transactions.","module":"transactionService","timestamp":"2022-11-04T05:24:58.852Z"}
{"level":"silly","message":"Response Promise Event pefcl:getTransactions:ab77ac6b-87d4-410f-bea6-4456c558c9a5 (21.9241ms), Data >>","module":"events","timestamp":"2022-11-04T05:24:58.853Z"}
{"level":"silly","message":{"data":{"limit":5,"offset":0,"total":0,"transactions":[]},"status":"ok"},"module":"events","timestamp":"2022-11-04T05:24:58.853Z"}
{"level":"silly","message":"Returned total of 0 transactions.","module":"transactionService","timestamp":"2022-11-04T05:24:58.854Z"}
{"level":"silly","message":"Response Promise Event pefcl:getTransactions:e2837785-25c2-49aa-8a7a-ba2363d9fedd (21.8471ms), Data >>","module":"events","timestamp":"2022-11-04T05:24:58.854Z"}
{"level":"silly","message":{"data":{"limit":5,"offset":0,"total":0,"transactions":[]},"status":"ok"},"module":"events","timestamp":"2022-11-04T05:24:58.854Z"}
